2026-04-21 01:16:48 — INFO — \u2550\u2550\u2550\u2550\u2550\u2550\u2550\u2550\u2550\u2550\u2550 Data Lake Pipeline Started \u2550\u2550\u2550\u2550\u2550\u2550\u2550\u2550\u2550\u2550\u2550
2026-04-21 01:16:48 — INFO — \u2705 Connected to MinIO
2026-04-21 01:16:49 — INFO — \u2705 Bucket created: weather-data-lake
2026-04-21 01:16:49 — INFO — \U0001f324\ufe0f Fetching weather data...
2026-04-21 01:16:50 — INFO — \u2705 Fetched: Bengaluru \u2192 25.1°C
2026-04-21 01:16:51 — INFO — \u2705 Fetched: Mumbai \u2192 28.5°C
2026-04-21 01:16:52 — INFO — \u2705 Fetched: Delhi \u2192 25.7°C
2026-04-21 01:16:53 — INFO — \u2705 Fetched: Chennai \u2192 28.4°C
2026-04-21 01:16:54 — INFO — \u2705 Fetched: Hyderabad \u2192 27.9°C
2026-04-21 01:16:54 — INFO — \u2705 Uploaded raw JSON \u2192 raw/year=2026/month=04/day=21/hour=01/weather_raw.json
2026-04-21 01:16:54 — INFO — \u2705 Uploaded processed CSV \u2192 processed/year=2026/month=04/day=21/hour=01/weather_processed.csv
2026-04-21 01:16:54 — INFO — \u2705 Uploaded summary \u2192 summary/year=2026/month=04/day=21/hour=01/weather_summary.json
2026-04-21 01:16:54 — INFO — \U0001f4ca Pipeline Summary:
2026-04-21 01:16:54 — INFO —    Cities processed: 5
2026-04-21 01:16:54 — INFO —    Avg temperature:  27.1°C
2026-04-21 01:16:54 — INFO —    Hottest city:     Mumbai
2026-04-21 01:16:54 — INFO —    Coldest city:     Bengaluru
2026-04-21 01:16:54 — INFO — \U0001f4c2 Listing data lake contents...
2026-04-21 01:16:54 — INFO — \U0001f4c1 Files in weather-data-lake:
2026-04-21 01:16:54 — INFO —    \U0001f4c4 processed/year=2026/month=04/day=21/hour=01/weather_processed.csv (0.25 KB)
2026-04-21 01:16:54 — INFO —    \U0001f4c4 raw/year=2026/month=04/day=21/hour=01/weather_raw.json (0.69 KB)
2026-04-21 01:16:54 — INFO —    \U0001f4c4 summary/year=2026/month=04/day=21/hour=01/weather_summary.json (0.15 KB)
2026-04-21 01:16:54 — INFO — \U0001f4d6 Reading back from data lake...
2026-04-21 01:16:54 — INFO — \u2705 Read back 5 rows from data lake
2026-04-21 01:16:54 — INFO — 
     city  temperature  windspeed  weathercode          fetched_at
Bengaluru         25.1        3.7            3 2026-04-21 01:16:50
   Mumbai         28.5        6.1            1 2026-04-21 01:16:51
    Delhi         25.7        5.4            0 2026-04-21 01:16:52
  Chennai         28.4        4.0            2 2026-04-21 01:16:53
Hyderabad         27.9        1.8            1 2026-04-21 01:16:54
2026-04-21 01:16:54 — INFO — \u2550\u2550\u2550\u2550\u2550\u2550\u2550\u2550\u2550\u2550\u2550 Pipeline Complete! \u2550\u2550\u2550\u2550\u2550\u2550\u2550\u2550\u2550\u2550\u2550\u2550\u2550\u2550\u2550\u2550\u2550\u2550\u2550
2026-04-21 01:16:54 — INFO — \U0001f310 View your data lake at: http://localhost:9001
